Unauthorized: /users/api/user/create
"POST /users/api/user/create HTTP/1.1" 401 80
Unauthorized: /users/api/user/create
"POST /users/api/user/create HTTP/1.1" 401 81
C:\Users\bilim\Documents\backend\django\pro\devsplug\authentication\views.py changed, reloading.
Watching for file changes with StatReloader
Unauthorized: /users/api/user/create
"POST /users/api/user/create HTTP/1.1" 401 81
"POST /users/api/user/create HTTP/1.1" 201 89
C:\Users\bilim\Documents\backend\django\pro\devsplug\authentication\views.py changed, reloading.
Watching for file changes with StatReloader
C:\Users\bilim\Documents\backend\django\pro\devsplug\authentication\views.py changed, reloading.
Watching for file changes with StatReloader
C:\Users\bilim\Documents\backend\django\pro\devsplug\authentication\views.py changed, reloading.
Watching for file changes with StatReloader
C:\Users\bilim\Documents\backend\django\pro\devsplug\authentication\views.py changed, reloading.
Watching for file changes with StatReloader
C:\Users\bilim\Documents\backend\django\pro\devsplug\authentication\views.py changed, reloading.
Watching for file changes with StatReloader
C:\Users\bilim\Documents\backend\django\pro\devsplug\authentication\views.py changed, reloading.
Watching for file changes with StatReloader
C:\Users\bilim\Documents\backend\django\pro\devsplug\authentication\views.py changed, reloading.
Watching for file changes with StatReloader
C:\Users\bilim\Documents\backend\django\pro\devsplug\authentication\views.py changed, reloading.
Watching for file changes with StatReloader
C:\Users\bilim\Documents\backend\django\pro\devsplug\authentication\views.py changed, reloading.
Watching for file changes with StatReloader
C:\Users\bilim\Documents\backend\django\pro\devsplug\authentication\views.py changed, reloading.
Watching for file changes with StatReloader
C:\Users\bilim\Documents\backend\django\pro\devsplug\authentication\views.py changed, reloading.
Watching for file changes with StatReloader
C:\Users\bilim\Documents\backend\django\pro\devsplug\authentication\views.py changed, reloading.
Watching for file changes with StatReloader
C:\Users\bilim\Documents\backend\django\pro\devsplug\authentication\views.py changed, reloading.
Watching for file changes with StatReloader
C:\Users\bilim\Documents\backend\django\pro\devsplug\authentication\views.py changed, reloading.
Watching for file changes with StatReloader
C:\Users\bilim\Documents\backend\django\pro\devsplug\authentication\views.py changed, reloading.
Watching for file changes with StatReloader
C:\Users\bilim\Documents\backend\django\pro\devsplug\authentication\views.py changed, reloading.
Watching for file changes with StatReloader
C:\Users\bilim\Documents\backend\django\pro\devsplug\authentication\views.py changed, reloading.
Watching for file changes with StatReloader
C:\Users\bilim\Documents\backend\django\pro\devsplug\authentication\views.py changed, reloading.
Watching for file changes with StatReloader
C:\Users\bilim\Documents\backend\django\pro\devsplug\authentication\views.py changed, reloading.
Watching for file changes with StatReloader
C:\Users\bilim\Documents\backend\django\pro\devsplug\authentication\views.py changed, reloading.
Watching for file changes with StatReloader
C:\Users\bilim\Documents\backend\django\pro\devsplug\authentication\views.py changed, reloading.
Watching for file changes with StatReloader
C:\Users\bilim\Documents\backend\django\pro\devsplug\authentication\views.py changed, reloading.
Watching for file changes with StatReloader
C:\Users\bilim\Documents\backend\django\pro\devsplug\authentication\views.py changed, reloading.
Watching for file changes with StatReloader
C:\Users\bilim\Documents\backend\django\pro\devsplug\authentication\urls.py changed, reloading.
Watching for file changes with StatReloader
C:\Users\bilim\Documents\backend\django\pro\devsplug\authentication\urls.py changed, reloading.
Watching for file changes with StatReloader
C:\Users\bilim\Documents\backend\django\pro\devsplug\authentication\urls.py changed, reloading.
Watching for file changes with StatReloader
C:\Users\bilim\Documents\backend\django\pro\devsplug\authentication\urls.py changed, reloading.
Watching for file changes with StatReloader
C:\Users\bilim\Documents\backend\django\pro\devsplug\authentication\urls.py changed, reloading.
Watching for file changes with StatReloader
Unauthorized: /users/api/user/activate
"POST /users/api/user/activate HTTP/1.1" 401 78
C:\Users\bilim\Documents\backend\django\pro\devsplug\devsplug\settings.py changed, reloading.
Watching for file changes with StatReloader
C:\Users\bilim\Documents\backend\django\pro\devsplug\devsplug\settings.py changed, reloading.
Watching for file changes with StatReloader
C:\Users\bilim\Documents\backend\django\pro\devsplug\devsplug\settings.py changed, reloading.
